<?xml version="1.0" encoding="UTF-8"?>
<testng-results ignored="0" total="1" passed="1" failed="0" skipped="0">
  <reporter-output>
  </reporter-output>
  <suite started-at="2021-09-27T21:02:47Z" name="Suite" finished-at="2021-09-27T21:02:47Z" duration-ms="32">
    <groups>
    </groups>
    <test started-at="2021-09-27T21:02:47Z" name="Default test" finished-at="2021-09-27T21:02:47Z" duration-ms="32">
      <class name="test.by.training.pre_task_numbers.base.CustomNumberFactoryTest">
        <test-method signature="testFillCustomNumberList()[pri:0, instance:test.by.training.pre_task_numbers.base.CustomNumberFactoryTest@662706a7]" started-at="2021-09-28T00:02:47Z" name="testFillCustomNumberList" finished-at="2021-09-28T00:02:47Z" duration-ms="15" status="PASS">
          <reporter-output>
          </reporter-output>
        </test-method> <!-- testFillCustomNumberList -->
      </class> <!-- test.by.training.pre_task_numbers.base.CustomNumberFactoryTest -->
    </test> <!-- Default test -->
  </suite> <!-- Suite -->
</testng-results>
